Performing C SOURCE FILE Test CMAKE_HAVE_LIBC_PTHREAD failed with the following output:
Change Dir: /home/joe/dev/myBigInt/CMakeFiles/CMakeTmp

Run Build Command(s):/usr/bin/make -f Makefile cmTC_71aae/fast && /usr/bin/make  -f CMakeFiles/cmTC_71aae.dir/build.make CMakeFiles/cmTC_71aae.dir/build
make[1]: Entering directory '/home/joe/dev/myBigInt/CMakeFiles/CMakeTmp'
Building C object CMakeFiles/cmTC_71aae.dir/src.c.o
/usr/bin/cc -DCMAKE_HAVE_LIBC_PTHREAD   -o CMakeFiles/cmTC_71aae.dir/src.c.o -c /home/joe/dev/myBigInt/CMakeFiles/CMakeTmp/src.c
Linking C executable cmTC_71aae
/home/joe/dev/cmake-3.24.1-linux-x86_64/bin/cmake -E cmake_link_script CMakeFiles/cmTC_71aae.dir/link.txt --verbose=1
/usr/bin/cc CMakeFiles/cmTC_71aae.dir/src.c.o -o cmTC_71aae 
/usr/bin/ld: CMakeFiles/cmTC_71aae.dir/src.c.o: in function `main':
src.c:(.text+0x46): undefined reference to `pthread_create'
/usr/bin/ld: src.c:(.text+0x52): undefined reference to `pthread_detach'
/usr/bin/ld: src.c:(.text+0x5e): undefined reference to `pthread_cancel'
/usr/bin/ld: src.c:(.text+0x6f): undefined reference to `pthread_join'
collect2: error: ld returned 1 exit status
make[1]: *** [CMakeFiles/cmTC_71aae.dir/build.make:99: cmTC_71aae] Error 1
make[1]: Leaving directory '/home/joe/dev/myBigInt/CMakeFiles/CMakeTmp'
make: *** [Makefile:127: cmTC_71aae/fast] Error 2


Source file was:
#include <pthread.h>

static void* test_func(void* data)
{
  return data;
}

int main(void)
{
  pthread_t thread;
  pthread_create(&thread, NULL, test_func, NULL);
  pthread_detach(thread);
  pthread_cancel(thread);
  pthread_join(thread, NULL);
  pthread_atfork(NULL, NULL, NULL);
  pthread_exit(NULL);

  return 0;
}

Determining if the function pthread_create exists in the pthreads failed with the following output:
Change Dir: /home/joe/dev/myBigInt/CMakeFiles/CMakeTmp

Run Build Command(s):/usr/bin/make -f Makefile cmTC_d7c58/fast && /usr/bin/make  -f CMakeFiles/cmTC_d7c58.dir/build.make CMakeFiles/cmTC_d7c58.dir/build
make[1]: Entering directory '/home/joe/dev/myBigInt/CMakeFiles/CMakeTmp'
Building C object CMakeFiles/cmTC_d7c58.dir/CheckFunctionExists.c.o
/usr/bin/cc   -DCHECK_FUNCTION_EXISTS=pthread_create -o CMakeFiles/cmTC_d7c58.dir/CheckFunctionExists.c.o -c /home/joe/dev/cmake-3.24.1-linux-x86_64/share/cmake-3.24/Modules/CheckFunctionExists.c
Linking C executable cmTC_d7c58
/home/joe/dev/cmake-3.24.1-linux-x86_64/bin/cmake -E cmake_link_script CMakeFiles/cmTC_d7c58.dir/link.txt --verbose=1
/usr/bin/cc  -DCHECK_FUNCTION_EXISTS=pthread_create CMakeFiles/cmTC_d7c58.dir/CheckFunctionExists.c.o -o cmTC_d7c58  -lpthreads 
/usr/bin/ld: cannot find -lpthreads
collect2: error: ld returned 1 exit status
make[1]: *** [CMakeFiles/cmTC_d7c58.dir/build.make:99: cmTC_d7c58] Error 1
make[1]: Leaving directory '/home/joe/dev/myBigInt/CMakeFiles/CMakeTmp'
make: *** [Makefile:127: cmTC_d7c58/fast] Error 2



