Performing C SOURCE FILE Test CMAKE_HAVE_LIBC_PTHREAD failed with the following output:
Change Dir: /home/joe/dev/myBigInt/build/CMakeFiles/CMakeTmp

Run Build Command(s):/usr/bin/make -f Makefile cmTC_7afe3/fast && /usr/bin/make  -f CMakeFiles/cmTC_7afe3.dir/build.make CMakeFiles/cmTC_7afe3.dir/build
make[1]: Entering directory '/home/joe/dev/myBigInt/build/CMakeFiles/CMakeTmp'
Building C object CMakeFiles/cmTC_7afe3.dir/src.c.o
/usr/bin/gcc -DCMAKE_HAVE_LIBC_PTHREAD   -o CMakeFiles/cmTC_7afe3.dir/src.c.o -c /home/joe/dev/myBigInt/build/CMakeFiles/CMakeTmp/src.c
Linking C executable cmTC_7afe3
/home/joe/dev/cmake-3.24.1-linux-x86_64/bin/cmake -E cmake_link_script CMakeFiles/cmTC_7afe3.dir/link.txt --verbose=1
/usr/bin/gcc CMakeFiles/cmTC_7afe3.dir/src.c.o -o cmTC_7afe3 
/usr/bin/ld: CMakeFiles/cmTC_7afe3.dir/src.c.o: in function `main':
src.c:(.text+0x46): undefined reference to `pthread_create'
/usr/bin/ld: src.c:(.text+0x52): undefined reference to `pthread_detach'
/usr/bin/ld: src.c:(.text+0x5e): undefined reference to `pthread_cancel'
/usr/bin/ld: src.c:(.text+0x6f): undefined reference to `pthread_join'
collect2: error: ld returned 1 exit status
make[1]: *** [CMakeFiles/cmTC_7afe3.dir/build.make:99: cmTC_7afe3] Error 1
make[1]: Leaving directory '/home/joe/dev/myBigInt/build/CMakeFiles/CMakeTmp'
make: *** [Makefile:127: cmTC_7afe3/fast] Error 2


Source file was:
#include <pthread.h>

static void* test_func(void* data)
{
  return data;
}

int main(void)
{
  pthread_t thread;
  pthread_create(&thread, NULL, test_func, NULL);
  pthread_detach(thread);
  pthread_cancel(thread);
  pthread_join(thread, NULL);
  pthread_atfork(NULL, NULL, NULL);
  pthread_exit(NULL);

  return 0;
}

Determining if the function pthread_create exists in the pthreads failed with the following output:
Change Dir: /home/joe/dev/myBigInt/build/CMakeFiles/CMakeTmp

Run Build Command(s):/usr/bin/make -f Makefile cmTC_e9d29/fast && /usr/bin/make  -f CMakeFiles/cmTC_e9d29.dir/build.make CMakeFiles/cmTC_e9d29.dir/build
make[1]: Entering directory '/home/joe/dev/myBigInt/build/CMakeFiles/CMakeTmp'
Building C object CMakeFiles/cmTC_e9d29.dir/CheckFunctionExists.c.o
/usr/bin/gcc   -DCHECK_FUNCTION_EXISTS=pthread_create -o CMakeFiles/cmTC_e9d29.dir/CheckFunctionExists.c.o -c /home/joe/dev/cmake-3.24.1-linux-x86_64/share/cmake-3.24/Modules/CheckFunctionExists.c
Linking C executable cmTC_e9d29
/home/joe/dev/cmake-3.24.1-linux-x86_64/bin/cmake -E cmake_link_script CMakeFiles/cmTC_e9d29.dir/link.txt --verbose=1
/usr/bin/gcc  -DCHECK_FUNCTION_EXISTS=pthread_create CMakeFiles/cmTC_e9d29.dir/CheckFunctionExists.c.o -o cmTC_e9d29  -lpthreads 
/usr/bin/ld: cannot find -lpthreads
collect2: error: ld returned 1 exit status
make[1]: *** [CMakeFiles/cmTC_e9d29.dir/build.make:99: cmTC_e9d29] Error 1
make[1]: Leaving directory '/home/joe/dev/myBigInt/build/CMakeFiles/CMakeTmp'
make: *** [Makefile:127: cmTC_e9d29/fast] Error 2



